ACCEPT
ACCESS
ACTIVE-CLASS
ADD
ADDRESS
ADVANCING
AFTER
ALIGNED
ALL
ALLOCATE
ALPHABET
ALPHABETIC
ALPHABETIC-LOWER
ALPHABETIC-UPPER
ALPHANUMERIC
ALPHANUMERIC-EDITED
ALSO
ALTER
ALTERNATE
AND
ANY
ANYCASE
ARE
AREA
AREAS
ARGUMENT-NUMBER
ARGUMENT-VALUE
ARITHMETIC
AS
ASCENDING
ASCII
ASSIGN
AT
ATTRIBUTE
AUTO
AUTO-SKIP
AUTOMATIC
AUTOTERMINATE
AWAY-FROM-ZERO
B-AND
B-NOT
B-OR
B-XOR
BACKGROUND-COLOR
BACKGROUND-COLOUR
BASED
BEEP
BEFORE
BELL
BINARY
BINARY-C-LONG
BINARY-CHAR
BINARY-DOUBLE
BINARY-INT
BINARY-LONG
BINARY-LONG-LONG
BINARY-SHORT
BIT
BLANK
BLINK
BLOCK
BOOLEAN
BOTTOM
BY
BYTE-LENGTH
CALL
CANCEL
CAPACITY
CD
CENTER
CF
CH
CHAIN
CHAINING
CHARACTER
CHARACTERS
CLASS
CLASS-ID
CLASSIFICATION
CLOSE
CODE
CODE-SET
COL
COLLATING
COLOR
COLS
COLUMN
COLUMNS
COMMA
COMMAND-LINE
COMMIT
COMMON
COMMUNICATION
COMP
COMP-1
COMP-2
COMP-3
COMP-4
COMP-5
COMP-6
COMP-X
COMPUTATIONAL
COMPUTATIONAL-1
COMPUTATIONAL-2
COMPUTATIONAL-3
COMPUTATIONAL-4
COMPUTATIONAL-5
COMPUTATIONAL-X
COMPUTE
CONDITION
CONFIGURATION
CONSTANT
CONTAINS
CONTENT
CONTINUE
CONTROL
CONTROLS
CONVERSION
CONVERTING
COPY
CORR
CORRESPONDING
COUNT
CRT
CRT-UNDER
CURRENCY
CURSOR
CYCLE
DATA
DATA-POINTER
DATE
DAY
DAY-OF-WEEK
DE
DEBUGGING
DECIMAL-POINT
DECLARATIVES
DEFAULT
DELETE
DELIMITED
DELIMITER
DEPENDING
DESCENDING
DESTINATION
DETAIL
DISABLE
DISC
DISK
DISPLAY
DIVIDE
DIVISION
DOWN
DUPLICATES
DYNAMIC
EBCDIC
EC
ECHO
ELSE
EMPTY-CHECK
ENABLE
END
END-ACCEPT
END-ADD
END-CALL
END-CHAIN
END-COMPUTE
END-DELETE
END-DISPLAY
END-DIVIDE
END-EVALUATE
END-IF
END-MULTIPLY
END-OF-PAGE
END-PERFORM
END-READ
END-RETURN
END-REWRITE
END-SEARCH
END-START
END-STRING
END-SUBTRACT
END-UNSTRING
END-WRITE
ENTRY
ENTRY-CONVENTION
ENVIRONMENT
ENVIRONMENT-NAME
ENVIRONMENT-VALUE
EO
EOL
EOP
EOS
EQUAL
EQUALS
ERASE
ERROR
ESCAPE
EVALUATE
EXCEPTION
EXCEPTION-OBJECT
EXCLUSIVE
EXIT
EXPANDS
EXTEND
EXTERNAL
F
FACTORY
FALSE
FD
FILE
FILE-CONTROL
FILE-ID
FILLER
FINAL
FIRST
FIXED
FLOAT-BINARY-128
FLOAT-BINARY-32
FLOAT-BINARY-64
FLOAT-DECIMAL-16
FLOAT-DECIMAL-34
FLOAT-EXTENDED
FLOAT-INFINITY
FLOAT-LONG
FLOAT-NOT-A-NUMBER
FLOAT-SHORT
FOOTING
FOR
FOREGROUND-COLOR
FOREGROUND-COLOUR
FOREVER
FORMAT
FREE
FROM
FULL
FUNCTION
FUNCTION-ID
FUNCTION-POINTER
GENERATE
GET
GIVING
GLOBAL
GO
GOBACK
GREATER
GRID
GROUP
GROUP-USAGE
HEADING
HIGH-VALUE
HIGH-VALUES
HIGHLIGHT
I-O
I-O-CONTROL
ID
IDENTIFICATION
IF
IGNORE
IGNORING
IMPLEMENTS
IN
INDEX
INDEXED
INDICATE
INHERITS
INITIAL
INITIALISE
INITIALISED
INITIALIZE
INITIALIZED
INITIATE
INPUT
INPUT-OUTPUT
INSPECT
INTERFACE
INTERFACE-ID
INTERMEDIATE
INTO
INTRINSIC
INVALID
INVOKE
IS
JUST
JUSTIFIED
KEPT
KEY
KEYBOARD
LABEL
LAST
LC_ALL
LC_COLLATE
LC_CTYPE
LC_MESSAGES
LC_MONETARY
LC_NUMERIC
LC_TIME
LEADING
LEFT
LEFT-JUSTIFY
LEFTLINE
LENGTH
LENGTH-CHECK
LESS
LIMIT
LIMITS
LINAGE
LINAGE-COUNTER
LINE
LINE-COUNTER
LINES
LINKAGE
LOCAL-STORAGE
LOCALE
LOCK
LOW-VALUE
LOW-VALUES
LOWER
LOWLIGHT
MANUAL
MEMORY
MERGE
METHOD
METHOD-ID
MINUS
MODE
MOVE
MULTIPLE
MULTIPLY
NAME
NATIONAL
NATIONAL-EDITED
NATIVE
NEAREST-AWAY-FROM-ZERO
NEAREST-EVEN
NEAREST-TOWARD-ZERO
NEGATIVE
NESTED
NEXT
NO
NO-ECHO
NONE
NORMAL
NOT
NOTHING
NULL
NULLS
NUMBER
NUMBERS
NUMERIC
NUMERIC-EDITED
OBJECT
OBJECT-COMPUTER
OBJECT-REFERENCE
OCCURS
OF
OFF
OMITTED
ON
ONLY
OPEN
OPTIONAL
OPTIONS
OR
ORDER
ORGANISATION
ORGANIZATION
OTHER
OUTPUT
OVERFLOW
OVERLINE
OVERRIDE
PACKED-DECIMAL
PADDING
PAGE
PAGE-COUNTER
PARAGRAPH
PERFORM
PF
PH
PIC
PICTURE
PLUS
POINTER
POSITION
POSITIVE
PREFIXED
PRESENT
PREVIOUS
PRINT
PRINTER
PRINTER-1
PRINTING
PROCEDURE
PROCEDURE-POINTER
PROCEDURES
PROCEED
PROGRAM
PROGRAM-ID
PROGRAM-POINTER
PROHIBITED
PROMPT
PROPERTY
PROTECTED
PROTOTYPE
QUOTE
QUOTES
RAISE
RAISING
RANDOM
RD
READ
RECORD
RECORDING
RECORDS
RECURSIVE
REDEFINES
REEL
REFERENCE
REFERENCES
RELATION
RELATIVE
RELEASE
REMAINDER
REMOVAL
RENAMES
REPLACE
REPLACING
REPORT
REPORTING
REPORTS
REPOSITORY
REQUIRED
RESERVE
RESET
RESUME
RETRY
RETURN
RETURNING
REVERSE
REVERSE-VIDEO
REVERSED
REWIND
REWRITE
RF
RH
RIGHT
RIGHT-JUSTIFY
ROLLBACK
ROUNDED
ROUNDING
RUN
S
SAME
SCREEN
SCROLL
SD
SEARCH
SECONDS
SECTION
SECURE
SEGMENT-LIMIT
SELECT
SELF
SENTENCE
SEPARATE
SEQUENCE
SEQUENTIAL
SET
SHARING
SIGN
SIGNED
SIGNED-INT
SIGNED-LONG
SIGNED-SHORT
SIZE
SORT
SORT-MERGE
SOURCE
SOURCE-COMPUTER
SOURCES
SPACE
SPACE-FILL
SPACES
SPECIAL-NAMES
STANDARD
STANDARD-1
STANDARD-2
STANDARD-BINARY
STANDARD-DECIMAL
START
STATEMENT
STATIC
STATUS
STDCALL
STEP
STOP
STRING
STRONG
SUBTRACT
SUM
SUPER
SUPPRESS
SYMBOL
SYMBOLIC
SYNC
SYNCHRONISED
SYNCHRONIZED
SYSTEM-DEFAULT
SYSTEM-OFFSET
TAB
TABLE
TALLYING
TAPE
TERMINATE
TEST
THAN
THEN
THROUGH
THRU
TIME
TIME-OUT
TIMEOUT
TIMES
TO
TOP
TOWARD-GREATER
TOWARD-LESSER
TRAILING
TRAILING-SIGN
TRANSFORM
TRUE
TRUNCATION
TYPE
TYPEDEF
U
UCS-4
UNDERLINE
UNIT
UNIVERSAL
UNLOCK
UNSIGNED
UNSIGNED-INT
UNSIGNED-LONG
UNSIGNED-SHORT
UNSTRING
UNTIL
UP
UPDATE
UPON
UPPER
USAGE
USE
USER
USER-DEFAULT
USING
UTF-16
UTF-8
V
VAL-STATUS
VALID
VALIDATE
VALIDATE-STATUS
VALUE
VALUES
VARIABLE
VARYING
WAIT
WHEN
WITH
WORDS
WORKING-STORAGE
WRITE
YYYYDDD
YYYYMMDD
ZERO
ZERO-FILL
ZEROES
ZEROS
